#
# There is insufficient memory for the Java Runtime Environment to continue.
# Native memory allocation (malloc) failed to allocate 1652816 bytes for Chunk::new
# Possible reasons:
#   The system is out of physical RAM or swap space
#   The process is running with CompressedOops enabled, and the Java Heap may be blocking the growth of the native heap
# Possible solutions:
#   Reduce memory load on the system
#   Increase physical memory or swap space
#   Check if swap backing store is full
#   Decrease Java heap size (-Xmx/-Xms)
#   Decrease number of Java threads
#   Decrease Java thread stack sizes (-Xss)
#   Set larger code cache with -XX:ReservedCodeCacheSize=
#   JVM is running with Unscaled Compressed Oops mode in which the Java heap is
#     placed in the first 4GB address space. The Java Heap base address is the
#     maximum limit for the native heap growth. Please use -XX:HeapBaseMinAddress
#     to set the Java Heap base and to place the Java Heap above 4GB virtual address.
# This output file may be truncated or incomplete.
#
#  Out of Memory Error (arena.cpp:168), pid=13944, tid=24720
#
# JRE version: OpenJDK Runtime Environment Temurin-21.0.1+12 (21.0.1+12) (build 21.0.1+12-LTS)
# Java VM: OpenJDK 64-Bit Server VM Temurin-21.0.1+12 (21.0.1+12-LTS, mixed mode, tiered, compressed oops, compressed class ptrs, g1 gc, windows-amd64)
# No core dump will be written. Minidumps are not enabled by default on client versions of Windows
#

---------------  S U M M A R Y ------------

Command Line: -ea -Dfile.encoding=UTF-8 -XX:+ShowCodeDetailsInExceptionMessages org.testng.remote.RemoteTestNG -serport 61984 -protocol json -d C:\Users\2304030\eclipse-workspace\IdentifyCourse_1\test-output C:\Users\2304030\eclipse-workspace\IdentifyCourse_1\testng.xml

Host: AMD Ryzen 5 PRO 3500U w/ Radeon Vega Mobile Gfx, 8 cores, 5G,  Windows 11 , 64 bit Build 22000 (10.0.22000.2600)
Time: Sat Mar  9 20:01:13 2024 India Standard Time elapsed time: 32.601395 seconds (0d 0h 0m 32s)

---------------  T H R E A D  ---------------

Current thread (0x000001b95206e810):  JavaThread "C2 CompilerThread0" daemon [_thread_in_native, id=24720, stack(0x00000097e6000000,0x00000097e6100000) (1024K)]


Current CompileTask:
C2:  32602 3384   !   4       jdk.internal.loader.BuiltinClassLoader::loadClassOrNull (143 bytes)

Stack: [0x00000097e6000000,0x00000097e6100000]
Native frames: (J=compiled Java code, j=interpreted, Vv=VM code, C=native code)
V  [jvm.dll+0x6c7789]
V  [jvm.dll+0x8a2011]
V  [jvm.dll+0x8a44ae]
V  [jvm.dll+0x8a4b83]
V  [jvm.dll+0x27f936]
V  [jvm.dll+0xc498d]
V  [jvm.dll+0xc4ea3]
V  [jvm.dll+0x3b3722]
V  [jvm.dll+0x380225]
V  [jvm.dll+0x37f68a]
V  [jvm.dll+0x247ef0]
V  [jvm.dll+0x2474cf]
V  [jvm.dll+0x1c8ae1]
V  [jvm.dll+0x256c69]
V  [jvm.dll+0x25523a]
V  [jvm.dll+0x3ecc86]
V  [jvm.dll+0x84af3b]
V  [jvm.dll+0x6c5ebd]
C  [ucrtbase.dll+0x26c0c]
C  [KERNEL32.DLL+0x153e0]
C  [ntdll.dll+0x485b]


---------------  P R O C E S S  ---------------

Threads class SMR info:
_java_thread_list=0x000001b953138f90, length=31, elements={
0x000001b9346aa400, 0x000001b9520645e0, 0x000001b952065040, 0x000001b952070010,
0x000001b952078a70, 0x000001b9520794d0, 0x000001b952090680, 0x000001b95206e810,
0x000001b95209ce50, 0x000001b952152b50, 0x000001b9521524c0, 0x000001b95214f6d0,
0x000001b952151110, 0x000001b9521517a0, 0x000001b95214fd60, 0x000001b952151e30,
0x000001b952150a80, 0x000001b9521503f0, 0x000001b9531215f0, 0x000001b953122310,
0x000001b953125100, 0x000001b953123030, 0x000001b953123d50, 0x000001b9531236c0,
0x000001b9531271d0, 0x000001b9531243e0, 0x000001b953124a70, 0x000001b953127860,
0x000001b953127ef0, 0x000001b9531264b0, 0x000001b953120f60
}

Java Threads: ( => current thread )
  0x000001b9346aa400 JavaThread "main"                              [_thread_in_native, id=25340, stack(0x00000097e5200000,0x00000097e5300000) (1024K)]
  0x000001b9520645e0 JavaThread "Reference Handler"          daemon [_thread_blocked, id=16740, stack(0x00000097e5a00000,0x00000097e5b00000) (1024K)]
  0x000001b952065040 JavaThread "Finalizer"                  daemon [_thread_blocked, id=24104, stack(0x00000097e5b00000,0x00000097e5c00000) (1024K)]
  0x000001b952070010 JavaThread "Signal Dispatcher"          daemon [_thread_blocked, id=10272, stack(0x00000097e5c00000,0x00000097e5d00000) (1024K)]
  0x000001b952078a70 JavaThread "Attach Listener"            daemon [_thread_blocked, id=10528, stack(0x00000097e5d00000,0x00000097e5e00000) (1024K)]
  0x000001b9520794d0 JavaThread "Service Thread"             daemon [_thread_blocked, id=25420, stack(0x00000097e5e00000,0x00000097e5f00000) (1024K)]
  0x000001b952090680 JavaThread "Monitor Deflation Thread"   daemon [_thread_blocked, id=22936, stack(0x00000097e5f00000,0x00000097e6000000) (1024K)]
=>0x000001b95206e810 JavaThread "C2 CompilerThread0"         daemon [_thread_in_native, id=24720, stack(0x00000097e6000000,0x00000097e6100000) (1024K)]
  0x000001b95209ce50 JavaThread "C1 CompilerThread0"         daemon [_thread_blocked, id=17680, stack(0x00000097e6100000,0x00000097e6200000) (1024K)]
  0x000001b952152b50 JavaThread "Notification Thread"        daemon [_thread_blocked, id=19104, stack(0x00000097e6200000,0x00000097e6300000) (1024K)]
  0x000001b9521524c0 JavaThread "Common-Cleaner"             daemon [_thread_blocked, id=26520, stack(0x00000097e6300000,0x00000097e6400000) (1024K)]
  0x000001b95214f6d0 JavaThread "ReaderThread"                      [_thread_in_native, id=19368, stack(0x00000097e6500000,0x00000097e6600000) (1024K)]
  0x000001b952151110 JavaThread "ForkJoinPool.commonPool-worker-1" daemon [_thread_blocked, id=25064, stack(0x00000097e6c00000,0x00000097e6d00000) (1024K)]
  0x000001b9521517a0 JavaThread "ForkJoinPool.commonPool-worker-2" daemon [_thread_blocked, id=21708, stack(0x00000097e6d00000,0x00000097e6e00000) (1024K)]
  0x000001b95214fd60 JavaThread "ForkJoinPool.commonPool-worker-3" daemon [_thread_blocked, id=24848, stack(0x00000097e6e00000,0x00000097e6f00000) (1024K)]
  0x000001b952151e30 JavaThread "ForkJoinPool.commonPool-worker-4" daemon [_thread_blocked, id=4552, stack(0x00000097e6f00000,0x00000097e7000000) (1024K)]
  0x000001b952150a80 JavaThread "ForkJoinPool.commonPool-worker-5" daemon [_thread_blocked, id=25832, stack(0x00000097e7000000,0x00000097e7100000) (1024K)]
  0x000001b9521503f0 JavaThread "ForkJoinPool.commonPool-worker-6" daemon [_thread_blocked, id=23388, stack(0x00000097e7100000,0x00000097e7200000) (1024K)]
  0x000001b9531215f0 JavaThread "ForkJoinPool.commonPool-worker-7" daemon [_thread_blocked, id=8524, stack(0x00000097e7200000,0x00000097e7300000) (1024K)]
  0x000001b953122310 JavaThread "HttpClient-1-SelectorManager" daemon [_thread_in_native, id=23712, stack(0x00000097e7600000,0x00000097e7700000) (1024K)]
  0x000001b953125100 JavaThread "External Process Output Forwarder - C:\Users\2304030\.cache\selenium\chromedriver\win64\120.0.6099.109\chromedriver.exe" daemon [_thread_in_native, id=19964, stack(0x00000097e7700000,0x00000097e7800000) (1024K)]
  0x000001b953123030 JavaThread "Driver Service Executor"    daemon [_thread_blocked, id=19132, stack(0x00000097e7800000,0x00000097e7900000) (1024K)]
  0x000001b953123d50 JavaThread "Driver Service Executor"    daemon [_thread_in_native, id=612, stack(0x00000097e7900000,0x00000097e7a00000) (1024K)]
  0x000001b9531236c0 JavaThread "UrlChecker-2"               daemon [_thread_blocked, id=8948, stack(0x00000097e7a00000,0x00000097e7b00000) (1024K)]
  0x000001b9531271d0 JavaThread "pool-2-thread-1"                   [_thread_blocked, id=4972, stack(0x00000097e7c00000,0x00000097e7d00000) (1024K)]
  0x000001b9531243e0 JavaThread "pool-2-thread-2"                   [_thread_blocked, id=15924, stack(0x00000097e7d00000,0x00000097e7e00000) (1024K)]
  0x000001b953124a70 JavaThread "pool-2-thread-3"                   [_thread_blocked, id=26504, stack(0x00000097e7e00000,0x00000097e7f00000) (1024K)]
  0x000001b953127860 JavaThread "HttpClient-2-SelectorManager" daemon [_thread_in_native, id=17764, stack(0x00000097e7f00000,0x00000097e8000000) (1024K)]
  0x000001b953127ef0 JavaThread "pool-3-thread-1"                   [_thread_blocked, id=14492, stack(0x00000097e8000000,0x00000097e8100000) (1024K)]
  0x000001b9531264b0 JavaThread "pool-3-thread-2"                   [_thread_blocked, id=9416, stack(0x00000097e8100000,0x00000097e8200000) (1024K)]
  0x000001b953120f60 JavaThread "pool-3-thread-3"                   [_thread_blocked, id=3668, stack(0x00000097e8200000,0x00000097e8300000) (1024K)]
Total: 31

Other Threads:
  0x000001b94dec4730 VMThread "VM Thread"                           [id=19652, stack(0x00000097e5900000,0x00000097e5a00000) (1024K)]
  0x000001b94de43510 WatcherThread "VM Periodic Task Thread"        [id=24728, stack(0x00000097e5800000,0x00000097e5900000) (1024K)]
  0x000001b934908430 WorkerThread "GC Thread#0"                     [id=22948, stack(0x00000097e5300000,0x00000097e5400000) (1024K)]
  0x000001b953083fb0 WorkerThread "GC Thread#1"                     [id=12944, stack(0x00000097e6600000,0x00000097e6700000) (1024K)]
  0x000001b9530964f0 WorkerThread "GC Thread#2"                     [id=25924, stack(0x00000097e6700000,0x00000097e6800000) (1024K)]
  0x000001b953096890 WorkerThread "GC Thread#3"                     [id=620, stack(0x00000097e6800000,0x00000097e6900000) (1024K)]
  0x000001b9530c02f0 WorkerThread "GC Thread#4"                     [id=19792, stack(0x00000097e6900000,0x00000097e6a00000) (1024K)]
  0x000001b9530c0690 WorkerThread "GC Thread#5"                     [id=25056, stack(0x00000097e6a00000,0x00000097e6b00000) (1024K)]
  0x000001b9530c0a30 WorkerThread "GC Thread#6"                     [id=7272, stack(0x00000097e6b00000,0x00000097e6c00000) (1024K)]
  0x000001b9536056c0 WorkerThread "GC Thread#7"                     [id=23008, stack(0x00000097e7300000,0x00000097e7400000) (1024K)]
  0x000001b934932eb0 ConcurrentGCThread "G1 Main Marker"            [id=1268, stack(0x00000097e5400000,0x00000097e5500000) (1024K)]
  0x000001b9349348c0 WorkerThread "G1 Conc#0"                       [id=14088, stack(0x00000097e5500000,0x00000097e5600000) (1024K)]
  0x000001b953604f80 WorkerThread "G1 Conc#1"                       [id=11128, stack(0x00000097e7400000,0x00000097e7500000) (1024K)]
  0x000001b94dd10520 ConcurrentGCThread "G1 Refine#0"               [id=3640, stack(0x00000097e5600000,0x00000097e5700000) (1024K)]
  0x000001b94dd11fa0 ConcurrentGCThread "G1 Service"                [id=10388, stack(0x00000097e5700000,0x00000097e5800000) (1024K)]
Total: 15

Threads with active compile tasks:
C2 CompilerThread0    32794 3384   !   4       jdk.internal.loader.BuiltinClassLoader::loadClassOrNull (143 bytes)
Total: 1

VM state: not at safepoint (normal execution)

VM Mutex/Monitor currently owned by a thread: None

Heap address: 0x00000000a1000000, size: 1520 MB, Compressed Oops mode: 32-bit

CDS archive(s) not mapped
Compressed class space mapped at: 0x0000000100000000-0x0000000140000000, reserved size: 1073741824
Narrow klass base: 0x0000000000000000, Narrow klass shift: 3, Narrow klass range: 0x140000000

GC Precious Log:
 CardTable entry size: 512
 Card Set container configuration: InlinePtr #cards 5 size 8 Array Of Cards #cards 12 size 40 Howl #buckets 4 coarsen threshold 1843 Howl Bitmap #cards 512 size 80 coarsen threshold 460 Card regions per heap region 1 cards per card region 2048
 CPUs: 8 total, 8 available
 Memory: 6077M
 Large Page Support: Disabled
 NUMA Support: Disabled
 Compressed Oops: Enabled (32-bit)
 Heap Region Size: 1M
 Heap Min Capacity: 8M
 Heap Initial Capacity: 96M
 Heap Max Capacity: 1520M
 Pre-touch: Disabled
 Parallel Workers: 8
 Concurrent Workers: 2
 Concurrent Refinement Workers: 8
 Periodic GC: Disabled

Heap:
 garbage-first heap   total 37888K, used 19201K [0x00000000a1000000, 0x0000000100000000)
  region size 1024K, 7 young (7168K), 1 survivors (1024K)
 Metaspace       used 36983K, committed 37568K, reserved 1114112K
  class space    used 4167K, committed 4480K, reserved 1048576K

Heap Regions: E=young(eden), S=young(survivor), O=old, HS=humongous(starts), HC=humongous(continues), CS=collection set, F=free, TAMS=top-at-mark-start, PB=parsable bottom
|   0|0x00000000a1000000, 0x00000000a1100000, 0x00000000a1100000|100%| O|  |TAMS 0x00000000a1000000| PB 0x00000000a1000000| Untracked 
|   1|0x00000000a1100000, 0x00000000a1200000, 0x00000000a1200000|100%| O|  |TAMS 0x00000000a1100000| PB 0x00000000a1100000| Untracked 
|   2|0x00000000a1200000, 0x00000000a1300000, 0x00000000a1300000|100%| O|  |TAMS 0x00000000a1200000| PB 0x00000000a1200000| Untracked 
|   3|0x00000000a1300000, 0x00000000a1400000, 0x00000000a1400000|100%| O|  |TAMS 0x00000000a1300000| PB 0x00000000a1300000| Untracked 
|   4|0x00000000a1400000, 0x00000000a1500000, 0x00000000a1500000|100%| O|  |TAMS 0x00000000a1400000| PB 0x00000000a1400000| Untracked 
|   5|0x00000000a1500000, 0x00000000a1600000, 0x00000000a1600000|100%| O|  |TAMS 0x00000000a1500000| PB 0x00000000a1500000| Untracked 
|   6|0x00000000a1600000, 0x00000000a1700000, 0x00000000a1700000|100%| O|  |TAMS 0x00000000a1600000| PB 0x00000000a1600000| Untracked 
|   7|0x00000000a1700000, 0x00000000a1800000, 0x00000000a1800000|100%| O|  |TAMS 0x00000000a1700000| PB 0x00000000a1700000| Untracked 
|   8|0x00000000a1800000, 0x00000000a1900000, 0x00000000a1900000|100%| O|  |TAMS 0x00000000a1800000| PB 0x00000000a1800000| Untracked 
|   9|0x00000000a1900000, 0x00000000a1a00000, 0x00000000a1a00000|100%| O|  |TAMS 0x00000000a1900000| PB 0x00000000a1900000| Untracked 
|  10|0x00000000a1a00000, 0x00000000a1b00000, 0x00000000a1b00000|100%| O|  |TAMS 0x00000000a1a00000| PB 0x00000000a1a00000| Untracked 
|  11|0x00000000a1b00000, 0x00000000a1c00000, 0x00000000a1c00000|100%| O|  |TAMS 0x00000000a1b00000| PB 0x00000000a1b00000| Untracked 
|  12|0x00000000a1c00000, 0x00000000a1d00000, 0x00000000a1d00000|100%| O|Cm|TAMS 0x00000000a1c00000| PB 0x00000000a1c00000| Complete 
|  13|0x00000000a1d00000, 0x00000000a1e00000, 0x00000000a1e00000|100%| O|  |TAMS 0x00000000a1d00000| PB 0x00000000a1d00000| Untracked 
|  14|0x00000000a1e00000, 0x00000000a1e6eaa8, 0x00000000a1f00000| 43%| O|  |TAMS 0x00000000a1e00000| PB 0x00000000a1e00000| Untracked 
|  15|0x00000000a1f00000, 0x00000000a1f00000, 0x00000000a2000000|  0%| F|  |TAMS 0x00000000a1f00000| PB 0x00000000a1f00000| Untracked 
|  16|0x00000000a2000000, 0x00000000a2000000, 0x00000000a2100000|  0%| F|  |TAMS 0x00000000a2000000| PB 0x00000000a2000000| Untracked 
|  17|0x00000000a2100000, 0x00000000a2100000, 0x00000000a2200000|  0%| F|  |TAMS 0x00000000a2100000| PB 0x00000000a2100000| Untracked 
|  18|0x00000000a2200000, 0x00000000a2200000, 0x00000000a2300000|  0%| F|  |TAMS 0x00000000a2200000| PB 0x00000000a2200000| Untracked 
|  19|0x00000000a2300000, 0x00000000a2300000, 0x00000000a2400000|  0%| F|  |TAMS 0x00000000a2300000| PB 0x00000000a2300000| Untracked 
|  20|0x00000000a2400000, 0x00000000a2400000, 0x00000000a2500000|  0%| F|  |TAMS 0x00000000a2400000| PB 0x00000000a2400000| Untracked 
|  21|0x00000000a2500000, 0x00000000a2500000, 0x00000000a2600000|  0%| F|  |TAMS 0x00000000a2500000| PB 0x00000000a2500000| Untracked 
|  22|0x00000000a2600000, 0x00000000a2600000, 0x00000000a2700000|  0%| F|  |TAMS 0x00000000a2600000| PB 0x00000000a2600000| Untracked 
|  23|0x00000000a2700000, 0x00000000a2700000, 0x00000000a2800000|  0%| F|  |TAMS 0x00000000a2700000| PB 0x00000000a2700000| Untracked 
|  24|0x00000000a2800000, 0x00000000a2800000, 0x00000000a2900000|  0%| F|  |TAMS 0x00000000a2800000| PB 0x00000000a2800000| Untracked 
|  25|0x00000000a2900000, 0x00000000a2900000, 0x00000000a2a00000|  0%| F|  |TAMS 0x00000000a2900000| PB 0x00000000a2900000| Untracked 
|  26|0x00000000a2a00000, 0x00000000a2a00000, 0x00000000a2b00000|  0%| F|  |TAMS 0x00000000a2a00000| PB 0x00000000a2a00000| Untracked 
|  27|0x00000000a2b00000, 0x00000000a2b00000, 0x00000000a2c00000|  0%| F|  |TAMS 0x00000000a2b00000| PB 0x00000000a2b00000| Untracked 
|  28|0x00000000a2c00000, 0x00000000a2c00000, 0x00000000a2d00000|  0%| F|  |TAMS 0x00000000a2c00000| PB 0x00000000a2c00000| Untracked 
|  29|0x00000000a2d00000, 0x00000000a2d00000, 0x00000000a2e00000|  0%| F|  |TAMS 0x00000000a2d00000| PB 0x00000000a2d00000| Untracked 
|  30|0x00000000a2e00000, 0x00000000a2f00000, 0x00000000a2f00000|100%| E|  |TAMS 0x00000000a2e00000| PB 0x00000000a2e00000| Complete 
|  31|0x00000000a2f00000, 0x00000000a3000000, 0x00000000a3000000|100%| E|CS|TAMS 0x00000000a2f00000| PB 0x00000000a2f00000| Complete 
|  32|0x00000000a3000000, 0x00000000a3100000, 0x00000000a3100000|100%| E|  |TAMS 0x00000000a3000000| PB 0x00000000a3000000| Complete 
|  33|0x00000000a3100000, 0x00000000a3151a40, 0x00000000a3200000| 31%| S|CS|TAMS 0x00000000a3100000| PB 0x00000000a3100000| Complete 
|  74|0x00000000a5a00000, 0x00000000a5b00000, 0x00000000a5b00000|100%| E|CS|TAMS 0x00000000a5a00000| PB 0x00000000a5a00000| Complete 
|  75|0x00000000a5b00000, 0x00000000a5c00000, 0x00000000a5c00000|100%| E|CS|TAMS 0x00000000a5b00000| PB 0x00000000a5b00000| Complete 
|  95|0x00000000a6f00000, 0x00000000a7000000, 0x00000000a7000000|100%| E|CS|TAMS 0x00000000a6f00000| PB 0x00000000a6f00000| Complete 

Card table byte_map: [0x000001b949910000,0x000001b949c10000] _byte_map_base: 0x000001b949408000

Marking Bits: (CMBitMap*) 0x000001b934908a30
 Bits: [0x000001b949c10000, 0x000001b94b3d0000)

Polling page: 0x000001b934970000

Metaspace:

Usage:
  Non-class:     32.05 MB used.
      Class:      4.07 MB used.
       Both:     36.12 MB used.

Virtual space:
  Non-class space:       64.00 MB reserved,      32.31 MB ( 50%) committed,  1 nodes.
      Class space:        1.00 GB reserved,       4.38 MB ( <1%) committed,  1 nodes.
             Both:        1.06 GB reserved,      36.69 MB (  3%) committed. 

Chunk freelists:
   Non-Class:  14.81 MB
       Class:  11.67 MB
        Both:  26.48 MB

MaxMetaspaceSize: unlimited
CompressedClassSpaceSize: 1.00 GB
Initial GC threshold: 21.00 MB
Current GC threshold: 58.69 MB
CDS: off
 - commit_granule_bytes: 65536.
 - commit_granule_words: 8192.
 - virtual_space_node_default_size: 8388608.
 - enlarge_chunks_in_place: 1.
 - use_allocation_guard: 0.


Internal statistics:

num_allocs_failed_limit: 6.
num_arena_births: 756.
num_arena_deaths: 0.
num_vsnodes_births: 2.
num_vsnodes_deaths: 0.
num_space_committed: 587.
num_space_uncommitted: 0.
num_chunks_returned_to_freelist: 6.
num_chunks_taken_from_freelist: 1628.
num_chunk_merges: 3.
num_chunk_splits: 967.
num_chunks_enlarged: 549.
num_inconsistent_stats: 0.

CodeHeap 'non-profiled nmethods': size=120000Kb used=1247Kb max_used=1341Kb free=118752Kb
 bounds [0x000001b941680000, 0x000001b9418f0000, 0x000001b948bb0000]
CodeHeap 'profiled nmethods': size=120000Kb used=6023Kb max_used=6485Kb free=113976Kb
 bounds [0x000001b939bb0000, 0x000001b93a210000, 0x000001b9410e0000]
CodeHeap 'non-nmethods': size=5760Kb used=1602Kb max_used=1618Kb free=4157Kb
 bounds [0x000001b9410e0000, 0x000001b941350000, 0x000001b941680000]
 total_blobs=3820 nmethods=3164 adapters=560
 compilation: enabled
              stopped_count=0, restarted_count=0
 full_count=0

Compilation events (20 events):
Event: 31.951 Thread 0x000001b95209ce50 nmethod 3379 0x000001b939be2710 code [0x000001b939be28c0, 0x000001b939be29e0]
Event: 31.953 Thread 0x000001b95206e810 3380       4       jdk.internal.org.objectweb.asm.Frame::merge (317 bytes)
Event: 31.958 Thread 0x000001b95206e810 nmethod 3380 0x000001b94169fa90 code [0x000001b94169fc40, 0x000001b94169fee8]
Event: 31.961 Thread 0x000001b95206e810 3382       4       java.lang.invoke.MemberName::getMethodOrFieldType (72 bytes)
Event: 31.975 Thread 0x000001b95206e810 nmethod 3382 0x000001b941715510 code [0x000001b941715780, 0x000001b941715e80]
Event: 32.115 Thread 0x000001b95206e810 3383       4       java.lang.ClassLoader::getClassLoadingLock (35 bytes)
Event: 32.118 Thread 0x000001b95206e810 nmethod 3383 0x000001b94169f290 code [0x000001b94169f420, 0x000001b94169f580]
Event: 32.130 Thread 0x000001b95206e810 3384   !   4       jdk.internal.loader.BuiltinClassLoader::loadClassOrNull (143 bytes)
Event: 32.393 Thread 0x000001b95209ce50 3386       3       java.util.jar.JarFile$JarFileEntry::getRealName (5 bytes)
Event: 32.394 Thread 0x000001b95209ce50 nmethod 3386 0x000001b939c15890 code [0x000001b939c15a20, 0x000001b939c15b48]
Event: 32.559 Thread 0x000001b95209ce50 3388       3       java.util.regex.Pattern::createGroup (86 bytes)
Event: 32.560 Thread 0x000001b95209ce50 nmethod 3388 0x000001b939be3710 code [0x000001b939be3920, 0x000001b939be4130]
Event: 32.561 Thread 0x000001b95209ce50 3392       3       java.lang.Character::codePointAt (51 bytes)
Event: 32.561 Thread 0x000001b95209ce50 nmethod 3392 0x000001b939be1290 code [0x000001b939be14a0, 0x000001b939be1b18]
Event: 32.561 Thread 0x000001b95209ce50 3391       3       java.util.regex.Pattern::accept (43 bytes)
Event: 32.562 Thread 0x000001b95209ce50 nmethod 3391 0x000001b939ed1610 code [0x000001b939ed17e0, 0x000001b939ed1af8]
Event: 32.562 Thread 0x000001b95209ce50 3389       3       java.util.regex.Pattern$GroupHead::<init> (10 bytes)
Event: 32.563 Thread 0x000001b95209ce50 nmethod 3389 0x000001b939c31790 code [0x000001b939c31940, 0x000001b939c31b80]
Event: 32.563 Thread 0x000001b95209ce50 3390       3       java.util.regex.Pattern$GroupTail::<init> (17 bytes)
Event: 32.563 Thread 0x000001b95209ce50 nmethod 3390 0x000001b939c3f410 code [0x000001b939c3f5c0, 0x000001b939c3f808]

GC Heap History (12 events):
Event: 3.730 GC heap before
{Heap before GC invocations=0 (full 0):
 garbage-first heap   total 98304K, used 22528K [0x00000000a1000000, 0x0000000100000000)
  region size 1024K, 23 young (23552K), 0 survivors (0K)
 Metaspace       used 15684K, committed 16000K, reserved 1114112K
  class space    used 1516K, committed 1664K, reserved 1048576K
}
Event: 3.744 GC heap after
{Heap after GC invocations=1 (full 0):
 garbage-first heap   total 98304K, used 7730K [0x00000000a1000000, 0x0000000100000000)
  region size 1024K, 3 young (3072K), 3 survivors (3072K)
 Metaspace       used 15684K, committed 16000K, reserved 1114112K
  class space    used 1516K, committed 1664K, reserved 1048576K
}
Event: 5.085 GC heap before
{Heap before GC invocations=1 (full 0):
 garbage-first heap   total 98304K, used 26162K [0x00000000a1000000, 0x0000000100000000)
  region size 1024K, 23 young (23552K), 3 survivors (3072K)
 Metaspace       used 21202K, committed 21504K, reserved 1114112K
  class space    used 2146K, committed 2304K, reserved 1048576K
}
Event: 5.094 GC heap after
{Heap after GC invocations=2 (full 0):
 garbage-first heap   total 98304K, used 9869K [0x00000000a1000000, 0x0000000100000000)
  region size 1024K, 2 young (2048K), 2 survivors (2048K)
 Metaspace       used 21202K, committed 21504K, reserved 1114112K
  class space    used 2146K, committed 2304K, reserved 1048576K
}
Event: 6.645 GC heap before
{Heap before GC invocations=3 (full 0):
 garbage-first heap   total 37888K, used 30349K [0x00000000a1000000, 0x0000000100000000)
  region size 1024K, 22 young (22528K), 2 survivors (2048K)
 Metaspace       used 25938K, committed 26432K, reserved 1114112K
  class space    used 2804K, committed 3008K, reserved 1048576K
}
Event: 6.654 GC heap after
{Heap after GC invocations=4 (full 0):
 garbage-first heap   total 37888K, used 11275K [0x00000000a1000000, 0x0000000100000000)
  region size 1024K, 2 young (2048K), 2 survivors (2048K)
 Metaspace       used 25938K, committed 26432K, reserved 1114112K
  class space    used 2804K, committed 3008K, reserved 1048576K
}
Event: 12.020 GC heap before
{Heap before GC invocations=4 (full 0):
 garbage-first heap   total 37888K, used 25611K [0x00000000a1000000, 0x0000000100000000)
  region size 1024K, 17 young (17408K), 2 survivors (2048K)
 Metaspace       used 31132K, committed 31616K, reserved 1114112K
  class space    used 3426K, committed 3648K, reserved 1048576K
}
Event: 12.029 GC heap after
{Heap after GC invocations=5 (full 0):
 garbage-first heap   total 37888K, used 14075K [0x00000000a1000000, 0x0000000100000000)
  region size 1024K, 3 young (3072K), 3 survivors (3072K)
 Metaspace       used 31132K, committed 31616K, reserved 1114112K
  class space    used 3426K, committed 3648K, reserved 1048576K
}
Event: 22.045 GC heap before
{Heap before GC invocations=5 (full 0):
 garbage-first heap   total 37888K, used 28411K [0x00000000a1000000, 0x0000000100000000)
  region size 1024K, 17 young (17408K), 3 survivors (3072K)
 Metaspace       used 34965K, committed 35456K, reserved 1114112K
  class space    used 3939K, committed 4160K, reserved 1048576K
}
Event: 22.054 GC heap after
{Heap after GC invocations=6 (full 0):
 garbage-first heap   total 37888K, used 14883K [0x00000000a1000000, 0x0000000100000000)
  region size 1024K, 2 young (2048K), 2 survivors (2048K)
 Metaspace       used 34965K, committed 35456K, reserved 1114112K
  class space    used 3939K, committed 4160K, reserved 1048576K
}
Event: 22.387 GC heap before
{Heap before GC invocations=6 (full 0):
 garbage-first heap   total 37888K, used 16931K [0x00000000a1000000, 0x0000000100000000)
  region size 1024K, 5 young (5120K), 2 survivors (2048K)
 Metaspace       used 35483K, committed 35968K, reserved 1114112K
  class space    used 4003K, committed 4224K, reserved 1048576K
}
Event: 22.391 GC heap after
{Heap after GC invocations=7 (full 0):
 garbage-first heap   total 37888K, used 15105K [0x00000000a1000000, 0x0000000100000000)
  region size 1024K, 1 young (1024K), 1 survivors (1024K)
 Metaspace       used 35483K, committed 35968K, reserved 1114112K
  class space    used 4003K, committed 4224K, reserved 1048576K
}

Dll operation events (11 events):
Event: 0.039 Loaded shared library C:\Users\2304030\.p2\pool\plugins\org.eclipse.justj.openjdk.hotspot.jre.full.win32.x86_64_21.0.1.v20231028-0937\jre\bin\java.dll
Event: 0.067 Loaded shared library C:\Users\2304030\.p2\pool\plugins\org.eclipse.justj.openjdk.hotspot.jre.full.win32.x86_64_21.0.1.v20231028-0937\jre\bin\zip.dll
Event: 0.799 Loaded shared library C:\Users\2304030\.p2\pool\plugins\org.eclipse.justj.openjdk.hotspot.jre.full.win32.x86_64_21.0.1.v20231028-0937\jre\bin\net.dll
Event: 0.809 Loaded shared library C:\Users\2304030\.p2\pool\plugins\org.eclipse.justj.openjdk.hotspot.jre.full.win32.x86_64_21.0.1.v20231028-0937\jre\bin\nio.dll
Event: 0.855 Loaded shared library C:\Users\2304030\.p2\pool\plugins\org.eclipse.justj.openjdk.hotspot.jre.full.win32.x86_64_21.0.1.v20231028-0937\jre\bin\zip.dll
Event: 1.393 Loaded shared library C:\Users\2304030\.p2\pool\plugins\org.eclipse.justj.openjdk.hotspot.jre.full.win32.x86_64_21.0.1.v20231028-0937\jre\bin\jimage.dll
Event: 2.115 Loaded shared library C:\Users\2304030\.p2\pool\plugins\org.eclipse.justj.openjdk.hotspot.jre.full.win32.x86_64_21.0.1.v20231028-0937\jre\bin\verify.dll
Event: 2.387 Loaded shared library C:\Users\2304030\.p2\pool\plugins\org.eclipse.justj.openjdk.hotspot.jre.full.win32.x86_64_21.0.1.v20231028-0937\jre\bin\extnet.dll
Event: 6.546 Loaded shared library C:\Users\2304030\.p2\pool\plugins\org.eclipse.justj.openjdk.hotspot.jre.full.win32.x86_64_21.0.1.v20231028-0937\jre\bin\management.dll
Event: 6.587 Loaded shared library C:\Users\2304030\.p2\pool\plugins\org.eclipse.justj.openjdk.hotspot.jre.full.win32.x86_64_21.0.1.v20231028-0937\jre\bin\management_ext.dll
Event: 11.721 Loaded shared library C:\Users\2304030\.p2\pool\plugins\org.eclipse.justj.openjdk.hotspot.jre.full.win32.x86_64_21.0.1.v20231028-0937\jre\bin\sunmscapi.dll

Deoptimization events (20 events):
Event: 12.122 Thread 0x000001b9346aa400 Uncommon trap: trap_request=0xffffffcc fr.pc=0x000001b9417ae7ec relative=0x000000000000032c
Event: 12.122 Thread 0x000001b9346aa400 Uncommon trap: reason=intrinsic_or_type_checked_inlining action=make_not_entrant pc=0x000001b9417ae7ec method=java.util.Arrays.copyOf([Ljava/lang/Object;ILjava/lang/Class;)[Ljava/lang/Object; @ 35 c2
Event: 12.122 Thread 0x000001b9346aa400 DEOPT PACKING pc=0x000001b9417ae7ec sp=0x00000097e52fc640
Event: 12.122 Thread 0x000001b9346aa400 DEOPT UNPACKING pc=0x000001b9411346a2 sp=0x00000097e52fc5d0 mode 2
Event: 12.268 Thread 0x000001b9346aa400 Uncommon trap: trap_request=0xffffff45 fr.pc=0x000001b9417717d8 relative=0x0000000000000318
Event: 12.268 Thread 0x000001b9346aa400 Uncommon trap: reason=unstable_if action=reinterpret pc=0x000001b9417717d8 method=java.util.HashMap.putVal(ILjava/lang/Object;Ljava/lang/Object;ZZ)Ljava/lang/Object; @ 162 c2
Event: 12.268 Thread 0x000001b9346aa400 DEOPT PACKING pc=0x000001b9417717d8 sp=0x00000097e52fb6b0
Event: 12.268 Thread 0x000001b9346aa400 DEOPT UNPACKING pc=0x000001b9411346a2 sp=0x00000097e52fb5d8 mode 2
Event: 12.327 Thread 0x000001b9346aa400 Uncommon trap: trap_request=0xffffff3d fr.pc=0x000001b94177f908 relative=0x0000000000000068
Event: 12.327 Thread 0x000001b9346aa400 Uncommon trap: reason=unstable_fused_if action=reinterpret pc=0x000001b94177f908 method=java.lang.CharacterDataLatin1.equalsIgnoreCase(BB)Z @ 16 c2
Event: 12.327 Thread 0x000001b9346aa400 DEOPT PACKING pc=0x000001b94177f908 sp=0x00000097e52fc380
Event: 12.327 Thread 0x000001b9346aa400 DEOPT UNPACKING pc=0x000001b9411346a2 sp=0x00000097e52fc300 mode 2
Event: 31.742 Thread 0x000001b9346aa400 Uncommon trap: trap_request=0xffffffde fr.pc=0x000001b9417a2b6c relative=0x0000000000000e6c
Event: 31.744 Thread 0x000001b9346aa400 Uncommon trap: reason=class_check action=maybe_recompile pc=0x000001b9417a2b6c method=java.util.concurrent.ConcurrentHashMap.putVal(Ljava/lang/Object;Ljava/lang/Object;Z)Ljava/lang/Object; @ 242 c2
Event: 31.746 Thread 0x000001b9346aa400 DEOPT PACKING pc=0x000001b9417a2b6c sp=0x00000097e52fe200
Event: 31.746 Thread 0x000001b9346aa400 DEOPT UNPACKING pc=0x000001b9411346a2 sp=0x00000097e52fe190 mode 2
Event: 31.814 Thread 0x000001b9346aa400 Uncommon trap: trap_request=0xffffff45 fr.pc=0x000001b94172c4b4 relative=0x0000000000001e34
Event: 31.823 Thread 0x000001b9346aa400 Uncommon trap: reason=unstable_if action=reinterpret pc=0x000001b94172c4b4 method=jdk.internal.loader.URLClassPath$FileLoader.getResource(Ljava/lang/String;Z)Ljdk/internal/loader/Resource; @ 128 c2
Event: 31.824 Thread 0x000001b9346aa400 DEOPT PACKING pc=0x000001b94172c4b4 sp=0x00000097e52fd720
Event: 31.824 Thread 0x000001b9346aa400 DEOPT UNPACKING pc=0x000001b9411346a2 sp=0x00000097e52fd698 mode 2

Classes loaded (20 events):
Event: 21.773 Loading class java/util/stream/Sink$OfLong done
Event: 21.773 Loading class java/util/stream/FindOps$FindSink$OfLong done
Event: 21.773 Loading class java/util/OptionalLong
Event: 21.773 Loading class java/util/OptionalLong done
Event: 21.776 Loading class java/util/stream/ReferencePipeline$5$1
Event: 21.776 Loading class java/util/stream/ReferencePipeline$5$1 done
Event: 21.778 Loading class java/lang/invoke/VarHandleBytes$FieldInstanceReadWrite
Event: 21.779 Loading class java/lang/invoke/VarHandleBytes$FieldInstanceReadOnly
Event: 21.780 Loading class java/lang/invoke/VarHandleBytes$FieldInstanceReadOnly done
Event: 21.780 Loading class java/lang/invoke/VarHandleBytes$FieldInstanceReadWrite done
Event: 22.222 Loading class java/util/LinkedList$DescendingIterator
Event: 22.222 Loading class java/util/LinkedList$DescendingIterator done
Event: 22.275 Loading class sun/net/www/HeaderParser
Event: 22.276 Loading class sun/net/www/HeaderParser done
Event: 31.428 Loading class java/util/ArrayList$SubList$1
Event: 31.428 Loading class java/util/ArrayList$SubList$1 done
Event: 31.755 Loading class jdk/internal/reflect/MethodHandleLongFieldAccessorImpl
Event: 31.758 Loading class jdk/internal/reflect/MethodHandleLongFieldAccessorImpl done
Event: 31.956 Loading class java/util/AbstractList$ListItr
Event: 31.958 Loading class java/util/AbstractList$ListItr done

Classes unloaded (0 events):
No events

Classes redefined (0 events):
No events

Internal exceptions (20 events):
Event: 11.835 Thread 0x000001b9346aa400 Exception <a 'sun/nio/fs/WindowsException'{0x00000000a29eab58}> (0x00000000a29eab58) 
thrown [s\src\hotspot\share\prims\jni.cpp, line 520]
Event: 11.974 Thread 0x000001b9346aa400 Exception <a 'java/lang/NoSuchMethodError'{0x00000000a27d9150}: 'void java.lang.invoke.DirectMethodHandle$Holder.invokeVirtual(java.lang.Object, java.lang.Object)'> (0x00000000a27d9150) 
thrown [s\src\hotspot\share\interpreter\linkResolver.cpp, line 773]
Event: 12.491 Thread 0x000001b9346aa400 Exception <a 'java/lang/IncompatibleClassChangeError'{0x00000000a2ea5268}: Found class java.lang.Object, but interface was expected> (0x00000000a2ea5268) 
thrown [s\src\hotspot\share\interpreter\linkResolver.cpp, line 840]
Event: 12.495 Thread 0x000001b9346aa400 Exception <a 'java/lang/NoSuchMethodError'{0x00000000a2eac6d8}: 'int java.lang.invoke.DirectMethodHandle$Holder.invokeSpecialIFC(java.lang.Object, java.lang.Object, java.lang.Object, java.lang.Object)'> (0x00000000a2eac6d8) 
thrown [s\src\hotspot\share\interpreter\linkResolver.cpp, line 773]
Event: 13.080 Thread 0x000001b9531236c0 Exception <a 'java/net/ConnectException'{0x00000000a2d1d170}: Connection refused: no further information> (0x00000000a2d1d170) 
thrown [s\src\hotspot\share\prims\jni.cpp, line 539]
Event: 13.109 Thread 0x000001b9531236c0 Exception <a 'java/net/ConnectException'{0x00000000a2d1e270}: Connection refused: no further information> (0x00000000a2d1e270) 
thrown [s\src\hotspot\share\prims\jni.cpp, line 539]
Event: 13.139 Thread 0x000001b9531236c0 Exception <a 'java/net/ConnectException'{0x00000000a2d1f198}: Connection refused: no further information> (0x00000000a2d1f198) 
thrown [s\src\hotspot\share\prims\jni.cpp, line 539]
Event: 13.188 Thread 0x000001b9531236c0 Exception <a 'java/net/ConnectException'{0x00000000a2d200c0}: Connection refused: no further information> (0x00000000a2d200c0) 
thrown [s\src\hotspot\share\prims\jni.cpp, line 539]
Event: 13.286 Thread 0x000001b9531236c0 Exception <a 'java/net/ConnectException'{0x00000000a2d20fe8}: Connection refused: no further information> (0x00000000a2d20fe8) 
thrown [s\src\hotspot\share\prims\jni.cpp, line 539]
Event: 13.459 Thread 0x000001b9531236c0 Exception <a 'java/net/ConnectException'{0x00000000a2d221b0}: Connection refused: no further information> (0x00000000a2d221b0) 
thrown [s\src\hotspot\share\prims\jni.cpp, line 539]
Event: 13.856 Thread 0x000001b9346aa400 Exception <a 'java/lang/NoSuchMethodError'{0x00000000a2ded860}: 'java.lang.Object java.lang.invoke.DirectMethodHandle$Holder.newInvokeSpecial(java.lang.Object, java.lang.Object, int, int)'> (0x00000000a2ded860) 
thrown [s\src\hotspot\share\interpreter\linkResolver.cpp, line 773]
Event: 13.857 Thread 0x000001b9346aa400 Exception <a 'java/lang/NoSuchMethodError'{0x00000000a2df13e0}: 'void java.lang.invoke.DirectMethodHandle$Holder.invokeStatic(java.lang.Object, java.lang.Object, int)'> (0x00000000a2df13e0) 
thrown [s\src\hotspot\share\interpreter\linkResolver.cpp, line 773]
Event: 13.986 Thread 0x000001b9531271d0 Exception <a 'java/lang/NoSuchMethodError'{0x00000000a2aa4288}: 'java.lang.Object java.lang.invoke.DirectMethodHandle$Holder.invokeSpecial(java.lang.Object, java.lang.Object, java.lang.Object, java.lang.Object, int)'> (0x00000000a2aa4288) 
thrown [s\src\hotspot\share\interpreter\linkResolver.cpp, line 773]
Event: 13.986 Thread 0x000001b9531271d0 Exception <a 'java/lang/NoSuchMethodError'{0x00000000a2aa7710}: 'java.lang.Object java.lang.invoke.Invokers$Holder.linkToTargetMethod(java.lang.Object, java.lang.Object, int, java.lang.Object)'> (0x00000000a2aa7710) 
thrown [s\src\hotspot\share\interpreter\linkResolver.cpp, line 773]
Event: 21.783 Thread 0x000001b9531271d0 Exception <a 'java/lang/NoSuchMethodError'{0x00000000a2715f48}: 'java.lang.Object java.lang.invoke.DirectMethodHandle$Holder.newInvokeSpecial(java.lang.Object, java.lang.Object, long, java.lang.Object, java.lang.Object, java.lang.Object)'> (0x00000000a2715f48) 
thrown [s\src\hotspot\share\interpreter\linkResolver.cpp, line 773]
Event: 21.843 Thread 0x000001b9531271d0 Exception <a 'java/lang/NoSuchMethodError'{0x00000000a2739a60}: 'void java.lang.invoke.DirectMethodHandle$Holder.invokeSpecial(java.lang.Object, java.lang.Object, java.lang.Object, java.lang.Object, java.lang.Object, java.lang.Object, java.lang.Object)'> (0x00000000a2739a60) 
thrown [s\src\hotspot\share\interpreter\linkResolver.cpp, line 773]
Event: 31.459 Thread 0x000001b9346aa400 Exception <a 'java/lang/NoSuchMethodError'{0x00000000a5be5350}: 'void java.lang.invoke.DirectMethodHandle$Holder.invokeInterface(java.lang.Object, java.lang.Object)'> (0x00000000a5be5350) 
thrown [s\src\hotspot\share\interpreter\linkResolver.cpp, line 773]
Event: 31.759 Thread 0x000001b9346aa400 Exception <a 'java/lang/NoSuchMethodError'{0x00000000a5a5b2c0}: 'long java.lang.invoke.DelegatingMethodHandle$Holder.reinvoke_L(java.lang.Object, java.lang.Object)'> (0x00000000a5a5b2c0) 
thrown [s\src\hotspot\share\interpreter\linkResolver.cpp, line 773]
Event: 31.764 Thread 0x000001b9346aa400 Exception <a 'java/lang/NoSuchMethodError'{0x00000000a5a64f88}: 'void java.lang.invoke.DelegatingMethodHandle$Holder.reinvoke_L(java.lang.Object, java.lang.Object, long)'> (0x00000000a5a64f88) 
thrown [s\src\hotspot\share\interpreter\linkResolver.cpp, line 773]
Event: 31.768 Thread 0x000001b9346aa400 Exception <a 'java/lang/NoSuchMethodError'{0x00000000a5a6b768}: 'long java.lang.invoke.Invokers$Holder.invokeExact_MT(java.lang.Object, java.lang.Object, java.lang.Object)'> (0x00000000a5a6b768) 
thrown [s\src\hotspot\share\interpreter\linkResolver.cpp, line 773]

ZGC Phase Switch (0 events):
No events

VM Operations (20 events):
Event: 21.747 Executing VM operation: HandshakeAllThreads (Deoptimize)
Event: 21.747 Executing VM operation: HandshakeAllThreads (Deoptimize) done
Event: 21.747 Executing VM operation: Cleanup
Event: 21.747 Executing VM operation: Cleanup done
Event: 22.045 Executing VM operation: G1CollectForAllocation (G1 Evacuation Pause)
Event: 22.055 Executing VM operation: G1CollectForAllocation (G1 Evacuation Pause) done
Event: 22.387 Executing VM operation: CollectForMetadataAllocation (Metadata GC Threshold)
Event: 22.391 Executing VM operation: CollectForMetadataAllocation (Metadata GC Threshold) done
Event: 22.411 Executing VM operation: G1PauseRemark
Event: 22.420 Executing VM operation: G1PauseRemark done
Event: 22.426 Executing VM operation: G1PauseCleanup
Event: 22.426 Executing VM operation: G1PauseCleanup done
Event: 23.437 Executing VM operation: Cleanup
Event: 23.437 Executing VM operation: Cleanup done
Event: 30.491 Executing VM operation: Cleanup
Event: 30.491 Executing VM operation: Cleanup done
Event: 31.494 Executing VM operation: Cleanup
Event: 31.495 Executing VM operation: Cleanup done
Event: 31.940 Executing VM operation: HandshakeAllThreads (Deoptimize)
Event: 31.940 Executing VM operation: HandshakeAllThreads (Deoptimize) done

Events (20 events):
Event: 22.417 Thread 0x000001b94dec4730 flushing nmethod 0x000001b941700a90
Event: 22.417 Thread 0x000001b94dec4730 flushing nmethod 0x000001b9416ff890
Event: 22.417 Thread 0x000001b94dec4730 flushing nmethod 0x000001b94170cf10
Event: 22.417 Thread 0x000001b94dec4730 flushing nmethod 0x000001b9416f7910
Event: 22.417 Thread 0x000001b94dec4730 flushing nmethod 0x000001b941718690
Event: 22.417 Thread 0x000001b94dec4730 flushing nmethod 0x000001b9416e7690
Event: 22.417 Thread 0x000001b94dec4730 flushing nmethod 0x000001b941714b90
Event: 22.417 Thread 0x000001b94dec4730 flushing nmethod 0x000001b941702710
Event: 22.417 Thread 0x000001b94dec4730 flushing nmethod 0x000001b9416de290
Event: 22.417 Thread 0x000001b94dec4730 flushing nmethod 0x000001b9416a4610
Event: 22.417 Thread 0x000001b94dec4730 flushing nmethod 0x000001b9416a3b10
Event: 22.417 Thread 0x000001b94dec4730 flushing nmethod 0x000001b9416a3010
Event: 22.417 Thread 0x000001b94dec4730 flushing nmethod 0x000001b941686b90
Event: 22.417 Thread 0x000001b94dec4730 flushing nmethod 0x000001b941685c90
Event: 22.417 Thread 0x000001b94dec4730 flushing nmethod 0x000001b94169ee10
Event: 22.417 Thread 0x000001b94dec4730 flushing nmethod 0x000001b9416b3090
Event: 22.417 Thread 0x000001b94dec4730 flushing nmethod 0x000001b94169d290
Event: 22.417 Thread 0x000001b94dec4730 flushing nmethod 0x000001b941698210
Event: 22.417 Thread 0x000001b94dec4730 flushing nmethod 0x000001b941681090
Event: 23.796 Thread 0x000001b953126b40 Thread exited: 0x000001b953126b40


Dynamic libraries:
0x00007ff692510000 - 0x00007ff69251e000 	C:\Users\2304030\.p2\pool\plugins\org.eclipse.justj.openjdk.hotspot.jre.full.win32.x86_64_21.0.1.v20231028-0937\jre\bin\javaw.exe
0x00007ffd4d840000 - 0x00007ffd4da49000 	C:\Windows\SYSTEM32\ntdll.dll
0x00007ffd4c050000 - 0x00007ffd4c10d000 	C:\Windows\System32\KERNEL32.DLL
0x00007ffd4b260000 - 0x00007ffd4b5e5000 	C:\Windows\System32\KERNELBASE.dll
0x00007ffd4af30000 - 0x00007ffd4b041000 	C:\Windows\System32\ucrtbase.dll
0x00007ffd45ac0000 - 0x00007ffd45ad8000 	C:\Users\2304030\.p2\pool\plugins\org.eclipse.justj.openjdk.hotspot.jre.full.win32.x86_64_21.0.1.v20231028-0937\jre\bin\jli.dll
0x00007ffd45ae0000 - 0x00007ffd45afb000 	C:\Users\2304030\.p2\pool\plugins\org.eclipse.justj.openjdk.hotspot.jre.full.win32.x86_64_21.0.1.v20231028-0937\jre\bin\VCRUNTIME140.dll
0x00007ffd4c570000 - 0x00007ffd4c71c000 	C:\Windows\System32\USER32.dll
0x00007ffd4b230000 - 0x00007ffd4b256000 	C:\Windows\System32\win32u.dll
0x00007ffd4bb70000 - 0x00007ffd4bb99000 	C:\Windows\System32\GDI32.dll
0x00007ffd33140000 - 0x00007ffd333e5000 	C:\Windows\WinSxS\amd64_microsoft.windows.common-controls_6595b64144ccf1df_6.0.22000.2600_none_1b65155c6ae217ae\COMCTL32.dll
0x00007ffd4b110000 - 0x00007ffd4b22b000 	C:\Windows\System32\gdi32full.dll
0x00007ffd4bcc0000 - 0x00007ffd4bd63000 	C:\Windows\System32\msvcrt.dll
0x00007ffd4ae20000 - 0x00007ffd4aebd000 	C:\Windows\System32\msvcp_win.dll
0x00007ffd4cf90000 - 0x00007ffd4cfc1000 	C:\Windows\System32\IMM32.DLL
0x00007ffd4a990000 - 0x00007ffd4ab30000 	C:\Program Files\Avecto\Privilege Guard Client\PGHook.dll
0x00007ffd4b710000 - 0x00007ffd4b7c2000 	C:\Windows\System32\ADVAPI32.dll
0x00007ffd4c720000 - 0x00007ffd4c7c2000 	C:\Windows\System32\sechost.dll
0x00007ffd4ac80000 - 0x00007ffd4aca7000 	C:\Windows\System32\bcrypt.dll
0x00007ffd4ccc0000 - 0x00007ffd4cde2000 	C:\Windows\System32\RPCRT4.dll
0x00007ffd46280000 - 0x00007ffd4628c000 	C:\Users\2304030\.p2\pool\plugins\org.eclipse.justj.openjdk.hotspot.jre.full.win32.x86_64_21.0.1.v20231028-0937\jre\bin\vcruntime140_1.dll
0x00007ffd29840000 - 0x00007ffd298ce000 	C:\Users\2304030\.p2\pool\plugins\org.eclipse.justj.openjdk.hotspot.jre.full.win32.x86_64_21.0.1.v20231028-0937\jre\bin\msvcp140.dll
0x00007ffccef90000 - 0x00007ffccfd11000 	C:\Users\2304030\.p2\pool\plugins\org.eclipse.justj.openjdk.hotspot.jre.full.win32.x86_64_21.0.1.v20231028-0937\jre\bin\server\jvm.dll
0x00007ffd4c500000 - 0x00007ffd4c56f000 	C:\Windows\System32\WS2_32.dll
0x00007ffd4ab50000 - 0x00007ffd4ab9d000 	C:\Windows\SYSTEM32\POWRPROF.dll
0x00007ffd427d0000 - 0x00007ffd42803000 	C:\Windows\SYSTEM32\WINMM.dll
0x00007ffd40d70000 - 0x00007ffd40d7a000 	C:\Windows\SYSTEM32\VERSION.dll
0x00007ffd4ab30000 - 0x00007ffd4ab43000 	C:\Windows\SYSTEM32\UMPDC.dll
0x00007ffd49a20000 - 0x00007ffd49a38000 	C:\Windows\SYSTEM32\kernel.appcore.dll
0x00007ffd265d0000 - 0x00007ffd265da000 	C:\Users\2304030\.p2\pool\plugins\org.eclipse.justj.openjdk.hotspot.jre.full.win32.x86_64_21.0.1.v20231028-0937\jre\bin\jimage.dll
0x00007ffd48120000 - 0x00007ffd48341000 	C:\Windows\SYSTEM32\DBGHELP.DLL
0x00007ffd2b2e0000 - 0x00007ffd2b311000 	C:\Windows\SYSTEM32\dbgcore.DLL
0x00007ffd4b5f0000 - 0x00007ffd4b66f000 	C:\Windows\System32\bcryptPrimitives.dll
0x00007ffd21930000 - 0x00007ffd2194f000 	C:\Users\2304030\.p2\pool\plugins\org.eclipse.justj.openjdk.hotspot.jre.full.win32.x86_64_21.0.1.v20231028-0937\jre\bin\java.dll
0x00007ffd21760000 - 0x00007ffd21778000 	C:\Users\2304030\.p2\pool\plugins\org.eclipse.justj.openjdk.hotspot.jre.full.win32.x86_64_21.0.1.v20231028-0937\jre\bin\zip.dll
0x00007ffd4d030000 - 0x00007ffd4d7f5000 	C:\Windows\System32\SHELL32.dll
0x00007ffd488b0000 - 0x00007ffd49112000 	C:\Windows\SYSTEM32\windows.storage.dll
0x00007ffd4b7f0000 - 0x00007ffd4bb66000 	C:\Windows\System32\combase.dll
0x00007ffd48740000 - 0x00007ffd488a7000 	C:\Windows\SYSTEM32\wintypes.dll
0x00007ffd4cea0000 - 0x00007ffd4cf8a000 	C:\Windows\System32\SHCORE.dll
0x00007ffd4c3c0000 - 0x00007ffd4c41d000 	C:\Windows\System32\shlwapi.dll
0x00007ffd4abb0000 - 0x00007ffd4abd5000 	C:\Windows\SYSTEM32\profapi.dll
0x00007ffd265e0000 - 0x00007ffd265f0000 	C:\Users\2304030\.p2\pool\plugins\org.eclipse.justj.openjdk.hotspot.jre.full.win32.x86_64_21.0.1.v20231028-0937\jre\bin\net.dll
0x00007ffd49a40000 - 0x00007ffd49b54000 	C:\Windows\SYSTEM32\WINHTTP.dll
0x00007ffd49fd0000 - 0x00007ffd4a037000 	C:\Windows\system32\mswsock.dll
0x00007ffd21740000 - 0x00007ffd21756000 	C:\Users\2304030\.p2\pool\plugins\org.eclipse.justj.openjdk.hotspot.jre.full.win32.x86_64_21.0.1.v20231028-0937\jre\bin\nio.dll
0x00007ffd216d0000 - 0x00007ffd216e0000 	C:\Users\2304030\.p2\pool\plugins\org.eclipse.justj.openjdk.hotspot.jre.full.win32.x86_64_21.0.1.v20231028-0937\jre\bin\verify.dll
0x00007ffd49390000 - 0x00007ffd49477000 	C:\Windows\SYSTEM32\DNSAPI.dll
0x00007ffd49360000 - 0x00007ffd4938d000 	C:\Windows\SYSTEM32\IPHLPAPI.DLL
0x00007ffd4b700000 - 0x00007ffd4b709000 	C:\Windows\System32\NSI.dll
0x00007ffd305f0000 - 0x00007ffd305fa000 	C:\Windows\System32\rasadhlp.dll
0x00007ffd407b0000 - 0x00007ffd40831000 	C:\Windows\System32\fwpuclnt.dll
0x00007ffd42870000 - 0x00007ffd42877000 	C:\Users\2304030\.p2\pool\plugins\org.eclipse.justj.openjdk.hotspot.jre.full.win32.x86_64_21.0.1.v20231028-0937\jre\bin\extnet.dll
0x00007ffd4a2a0000 - 0x00007ffd4a2b8000 	C:\Windows\SYSTEM32\CRYPTSP.dll
0x00007ffd49980000 - 0x00007ffd499b5000 	C:\Windows\system32\rsaenh.dll
0x00007ffd4a070000 - 0x00007ffd4a09c000 	C:\Windows\SYSTEM32\USERENV.dll
0x00007ffd4a280000 - 0x00007ffd4a28c000 	C:\Windows\SYSTEM32\CRYPTBASE.dll
0x00007ffd2ae20000 - 0x00007ffd2ae37000 	C:\Windows\system32\napinsp.dll
0x00007ffd2ae00000 - 0x00007ffd2ae1b000 	C:\Windows\system32\pnrpnsp.dll
0x00007ffd2ade0000 - 0x00007ffd2adf2000 	C:\Windows\System32\winrnr.dll
0x00007ffd2adc0000 - 0x00007ffd2add5000 	C:\Windows\system32\wshbth.dll
0x00007ffd2ad90000 - 0x00007ffd2adaf000 	C:\Windows\system32\nlansp_c.dll
0x00007ffd46330000 - 0x00007ffd4633a000 	C:\Users\2304030\.p2\pool\plugins\org.eclipse.justj.openjdk.hotspot.jre.full.win32.x86_64_21.0.1.v20231028-0937\jre\bin\management.dll
0x00007ffd46320000 - 0x00007ffd4632b000 	C:\Users\2304030\.p2\pool\plugins\org.eclipse.justj.openjdk.hotspot.jre.full.win32.x86_64_21.0.1.v20231028-0937\jre\bin\management_ext.dll
0x00007ffd4b7d0000 - 0x00007ffd4b7d8000 	C:\Windows\System32\PSAPI.DLL
0x00007ffd38340000 - 0x00007ffd3834e000 	C:\Users\2304030\.p2\pool\plugins\org.eclipse.justj.openjdk.hotspot.jre.full.win32.x86_64_21.0.1.v20231028-0937\jre\bin\sunmscapi.dll
0x00007ffd4acb0000 - 0x00007ffd4ae12000 	C:\Windows\System32\CRYPT32.dll
0x00007ffd4a420000 - 0x00007ffd4a44a000 	C:\Windows\SYSTEM32\ncrypt.dll
0x00007ffd4a3e0000 - 0x00007ffd4a417000 	C:\Windows\SYSTEM32\NTASN1.dll
0x00007ffd3e890000 - 0x00007ffd3e898000 	C:\Windows\system32\wshunix.dll

dbghelp: loaded successfully - version: 4.0.5 - missing functions: none
symbol engine: initialized successfully - sym options: 0x614 - pdb path: .;C:\Users\2304030\.p2\pool\plugins\org.eclipse.justj.openjdk.hotspot.jre.full.win32.x86_64_21.0.1.v20231028-0937\jre\bin;C:\Windows\SYSTEM32;C:\Windows\WinSxS\amd64_microsoft.windows.common-controls_6595b64144ccf1df_6.0.22000.2600_none_1b65155c6ae217ae;C:\Program Files\Avecto\Privilege Guard Client;C:\Users\2304030\.p2\pool\plugins\org.eclipse.justj.openjdk.hotspot.jre.full.win32.x86_64_21.0.1.v20231028-0937\jre\bin\server

VM Arguments:
jvm_args: -ea -Dfile.encoding=UTF-8 -XX:+ShowCodeDetailsInExceptionMessages 
java_command: org.testng.remote.RemoteTestNG -serport 61984 -protocol json -d C:\Users\2304030\eclipse-workspace\IdentifyCourse_1\test-output C:\Users\2304030\eclipse-workspace\IdentifyCourse_1\testng.xml
java_class_path (initial): C:\Users\2304030\eclipse\java-2022-093\eclipse\configuration\org.eclipse.osgi\440\0\.cp\lib\testng-remote.jar;C:\Users\2304030\eclipse-workspace\IdentifyCourse_1\target\test-classes;C:\Users\2304030\eclipse-workspace\IdentifyCourse_1\target\classes;C:\Users\2304030\.p2\pool\plugins\org.testng_7.9.0.r202312310341.jar;C:\Users\2304030\.p2\pool\plugins\com.beust.jcommander_1.82.0.jar;C:\Users\2304030\.p2\pool\plugins\org.apache-extras.beanshell.bsh_2.0.0.b6.jar;C:\Users\2304030\.p2\pool\plugins\org.yaml.snakeyaml_1.27.0.v20201111-1638.jar;C:\Users\2304030\.p2\pool\plugins\org.webjars.jquery_3.7.1.jar;C:\Users\2304030\.p2\pool\plugins\org.junit_4.13.2.v20211018-1956.jar;C:\Users\2304030\.p2\pool\plugins\org.hamcrest.core_1.3.0.v20180420-1519.jar;C:\Users\2304030\.m2\repository\io\github\bonigarcia\webdrivermanager\5.6.2\webdrivermanager-5.6.2.jar;C:\Users\2304030\.m2\repository\org\seleniumhq\selenium\selenium-java\4.17.0\selenium-java-4.17.0.jar;C:\Users\2304030\.m2\repository\org\seleniumhq\selenium\selenium-api\4.17.0\selenium-api-4.17.0.jar;C:\Users\2304030\.m2\repository\org\seleniumhq\selenium\selenium-chrome-driver\4.17.0\selenium-chrome-driver-4.17.0.jar;C:\Users\2304030\.m2\repository\com\google\auto\service\auto-service-annotations\1.1.1\auto-service-annotations-1.1.1.jar;C:\Users\2304030\.m2\repository\org\seleniumhq\selenium\selenium-chromium-driver\4.17.0\selenium-chromium-driver-4.17.0.jar;C:\Users\2304030\.m2\repository\org\seleniumhq\selenium\selenium-json\4.17.0\selenium-json-4.17.0.jar;C:\Users\2304030\.m2\repository\org\seleniumhq\selenium\selenium-manager\4.17.0\selenium-manager-4.17.0.jar;C:\Users\2304030\.m2\repository\org\seleniumhq\selenium\selenium-devtools-v119\4.17.0\selenium-devtools-v119-4.17.0.jar;C:\Users\2304030\.m2\repository\org\seleniumhq\selenium\selenium-devtools-v120\4.17.0\selenium-devtools-v120-4.17.0.jar;C:\Users\2304030\.m2\repository\org\seleniumhq\selenium\selenium-devtools-v121\4.17.0\selenium-devtools-v121-4.17.0.jar;C:\Users\2304030\.m2\repository\org\seleniumhq\selenium\selenium-devtools-v85\4.17.0\selenium-devtools-v85-4.17.0.jar;C:\Users\2304030\.m2\repository\org\seleniumhq\selenium\selenium-edge-driver\4.17.0\selenium-edge-driver-4.17.0.jar;C:\Users\2304030\.m2\repository\org\seleniumhq\selenium\selenium-firefox-driver\4.17.0\selenium-firefox-driver-4.17.0.jar;C:\Users\2304030\.m2\repository\org\seleniumhq\selenium\selenium-http\4.17.0\selenium-http-4.17.0.jar;C:\Users\2304030\.m2\repository\dev\failsafe\failsafe\3.3.2\failsafe-3.3.2.jar;C:\Users\2304030\.m2\repository\org\seleniumhq\selenium\selenium-ie-driver\4.17.0\selenium-ie-driver-4.17.0.jar;C:\Users\2304030\.m2\repository\org\seleniumhq\selenium\selenium-remote-driver\4.17.0\selenium-remote-driver-4.17.0.jar;C:\Users\2304030\.m2\repository\com\google\guava\guava\33.0.0-jre\guava-33.0.0-jre.jar;C:\Users\2304030\.m2\repository\com\google\guava\failureaccess\1.0.2\failureaccess-1.0.2.jar;C:\Users\2304030\.m2\repository\com\google\guava\listenablefuture\9999.0-empty-to-avoid-conflict-with-guava\listenablefuture-9999.0-empty-to-avoid-conflict-with-guava.jar;C:\Users\2304030\.m2\repository\com\google\code\findbugs\jsr305\3.0.2\jsr305-3.0.2.jar;C:\Users\2304030\.m2\repository\org\checkerframework\checker-qual\3.41.0\checker-qual-3.41.0.jar;C:\Users\2304030\.m2\repository\com\google\errorprone\error_prone_annotations\2.23.0\error_prone_annotations-2.23.0.jar;C:\Users\2304030\.m2\repository\com\google\j2objc\j2objc-annotations\2.8\j2objc-annotations-2.8.jar;C:\Users\2304030\.m2\repository\io\opentelemetry\semconv\opentelemetry-semconv\1.23.1-alpha\opentelemetry-semconv-1.23.1-alpha.jar;C:\Users\2304030\.m2\repository\io\opentelemetry\opentelemetry-api\1.34.1\opentelemetry-api-1.34.1.jar;C:\Users\2304030\.m2\repository\io\opentelemetry\opentelemetry-context\1.34.1\opentelemetry-context-1.34.1.jar;C:\Users\2304030\.m2\repository\io\opentelemetry\opentelemetry-exporter-logging\1.34.1\opentelemetry-exporter-logging-1.34.1.jar;C:\Users\2304030\.m2\repository\io\opentelemetry\opentelemetry-sdk-common\1.34.1\opentelemetry-sdk-common-1.34.1.jar;C:\Users\2304030\.m2\repository\io\opentelemetry\opentelemetry-sdk-extension-autoconfigure-spi\1.34.1\opentelemetry-sdk-extension-autoconfigure-spi-1.34.1.jar;C:\Users\2304030\.m2\repository\io\opentelemetry\opentelemetry-sdk-extension-autoconfigure\1.34.1\opentelemetry-sdk-extension-autoconfigure-1.34.1.jar;C:\Users\2304030\.m2\repository\io\opentelemetry\opentelemetry-api-events\1.34.1-alpha\opentelemetry-api-events-1.34.1-alpha.jar;C:\Users\2304030\.m2\repository\io\opentelemetry\opentelemetry-sdk-trace\1.34.1\opentelemetry-sdk-trace-1.34.1.jar;C:\Users\2304030\.m2\repository\io\opentelemetry\opentelemetry-sdk\1.34.1\opentelemetry-sdk-1.34.1.jar;C:\Users\2304030\.m2\repository\io\opentelemetry\opentelemetry-sdk-metrics\1.34.1\opentelemetry-sdk-metrics-1.34.1.jar;C:\Users\2304030\.m2\repository\io\opentelemetry\opentelemetry-extension-incubator\1.34.1-alpha\opentelemetry-extension-incubator-1.34.1-alpha.jar;C:\Users\2304030\.m2\repository\io\opentelemetry\opentelemetry-sdk-logs\1.34.1\opentelemetry-sdk-logs-1.34.1.jar;C:\Users\2304030\.m2\repository\net\bytebuddy\byte-buddy\1.14.11\byte-buddy-1.14.11.jar;C:\Users\2304030\.m2\repository\org\seleniumhq\selenium\selenium-os\4.17.0\selenium-os-4.17.0.jar;C:\Users\2304030\.m2\repository\org\apache\commons\commons-exec\1.3\commons-exec-1.3.jar;C:\Users\2304030\.m2\repository\org\seleniumhq\selenium\selenium-safari-driver\4.17.0\selenium-safari-driver-4.17.0.jar;C:\Users\2304030\.m2\repository\org\seleniumhq\selenium\selenium-support\4.17.0\selenium-support-4.17.0.jar;C:\Users\2304030\.m2\repository\junit\junit\3.8.1\junit-3.8.1.jar;C:\Users\2304030\.m2\repository\commons-io\commons-io\2.15.1\commons-io-2.15.1.jar;C:\Users\2304030\.m2\repository\org\testng\testng\7.9.0\testng-7.9.0.jar;C:\Users\2304030\.m2\repository\org\slf4j\slf4j-api\1.7.36\slf4j-api-1.7.36.jar;C:\Users\2304030\.m2\repository\com\beust\jcommander\1.82\jcommander-1.82.jar;C:\Users\2304030\.m2\repository\org\webjars\jquery\3.7.1\jquery-3.7.1.jar;C:\Users\2304030\.m2\repository\com\aventstack\extentreports\5.1.1\extentreports-5.1.1.jar;C:\Users\2304030\.m2\repository\io\reactivex\rxjava3\rxjava\3.1.6\rxjava-3.1.6.jar;C:\Users\2304030\.m2\repository\org\reactivestreams\reactive-streams\1.0.4\reactive-streams-1.0.4.jar;C:\Users\2304030\.m2\repository\org\freemarker\freemarker\2.3.32\freemarker-2.3.32.jar;C:\Users\2304030\.m2\repository\org\projectlombok\lombok\1.18.26\lombok-1.18.26.jar;C:\Users\2304030\.m2\repository\com\google\code\gson\gson\2.10.1\gson-2.10.1.jar;C:\Users\2304030\.m2\repository\io\cucumber\cucumber-java\7.15.0\cucumber-java-7.15.0.jar;C:\Users\2304030\.m2\repository\io\cucumber\cucumber-core\7.15.0\cucumber-core-7.15.0.jar;C:\Users\2304030\.m2\repository\io\cucumber\cucumber-gherkin\7.15.0\cucumber-gherkin-7.15.0.jar;C:\Users\2304030\.m2\repository\io\cucumber\cucumber-gherkin-messages\7.15.0\cucumber-gherkin-messages-7.15.0.jar;C:\Users\2304030\.m2\repository\io\cucumber\gherkin\26.2.0\gherkin-26.2.0.jar;C:\Users\2304030\.m2\repository\io\cucumber\messages\22.0.0\messages-22.0.0.jar;C:\Users\2304030\.m2\repository\io\cucumber\tag-expressions\6.0.0\tag-expressions-6.0.0.jar;C:\Users\2304030\.m2\repository\io\cucumber\cucumber-expressions\17.0.1\cucumber-expressions-17.0.1.jar;C:\Users\2304030\.m2\repository\io\cucumber\datatable\7.15.0\datatable-7.15.0.jar;C:\Users\2304030\.m2\repository\io\cucumber\cucumber-plugin\7.15.0\cucumber-plugin-7.15.0.jar;C:\Users\2304030\.m2\repository\io\cucumber\docstring\7.15.0\docstring-7.15.0.jar;C:\Users\2304030\.m2\repository\io\cucumber\html-formatter\20.4.0\html-formatter-20.4.0.jar;C:\Users\2304030\.m2\repository\io\cucumber\junit-xml-formatter\0.2.0\junit-xml-formatter-0.2.0.jar;C:\Users\2304030\.m2\repository\io\cucumber\ci-environment\10.0.0\ci-environment-10.0.0.jar;C:\Users\2304030\.m2\repository\org\apiguardian\apiguardian-api\1.1.2\apiguardian-api-1.1.2.jar;C:\Users\2304030\.m2\repository\io\cucumber\cucumber-junit\7.15.0\cucumber-junit-7.15.0.jar;C:\Users\2304030\.m2\repository\org\apache\logging\log4j\log4j-core\3.0.0-alpha1\log4j-core-3.0.0-alpha1.jar;C:\Users\2304030\.m2\repository\org\apache\logging\log4j\log4j-plugins\3.0.0-alpha1\log4j-plugins-3.0.0-alpha1.jar;C:\Users\2304030\.m2\repository\javax\activation\javax.activation-api\1.2.0\javax.activation-api-1.2.0.jar;C:\Users\2304030\.m2\repository\javax\xml\bind\jaxb-api\2.3.1\jaxb-api-2.3.1.jar;C:\Users\2304030\.m2\repository\com\fasterxml\woodstox\woodstox-core\6.5.0\woodstox-core-6.5.0.jar;C:\Users\2304030\.m2\repository\org\codehaus\woodstox\stax2-api\4.2.1\stax2-api-4.2.1.jar;C:\Users\2304030\.m2\repository\org\apache\logging\log4j\log4j-api\3.0.0-alpha1\log4j-api-3.0.0-alpha1.jar;C:\Users\2304030\.m2\repository\org\apache\poi\poi\5.2.5\poi-5.2.5.jar;C:\Users\2304030\.m2\repository\commons-codec\commons-codec\1.16.0\commons-codec-1.16.0.jar;C:\Users\2304030\.m2\repository\org\apache\commons\commons-collections4\4.4\commons-collections4-4.4.jar;C:\Users\2304030\.m2\repository\org\apache\commons\commons-math3\3.6.1\commons-math3-3.6.1.jar;C:\Users\2304030\.m2\repository\com\zaxxer\SparseBitSet\1.3\SparseBitSet-1.3.jar;C:\Users\2304030\.m2\repository\org\apache\poi\poi-ooxml\5.2.5\poi-ooxml-5.2.5.jar;C:\Users\2304030\.m2\repository\org\apache\poi\poi-ooxml-lite\5.2.5\poi-ooxml-lite-5.2.5.jar;C:\Users\2304030\.m2\repository\org\apache\xmlbeans\xmlbeans\5.2.0\xmlbeans-5.2.0.jar;C:\Users\2304030\.m2\repository\org\apache\commons\commons-compress\1.25.0\commons-compress-1.25.0.jar;C:\Users\2304030\.m2\repository\com\github\virtuald\curvesapi\1.08\curvesapi-1.08.jar;C:\Users\2304030\.m2\repository\tech\grasshopper\extentreports-cucumber7-adapter\1.14.0\extentreports-cucumber7-adapter-1.14.0.jar;C:\Users\2304030\.m2\repository\tech\grasshopper\extent-pdf-report\2.12.0\extent-pdf-report-2.12.0.jar;C:\Users\2304030\.m2\repository\tech\grasshopper\cucumber-pdf-report\2.14.0\cucumber-pdf-report-2.14.0.jar;C:\Users\2304030\.m2\repository\org\apache\pdfbox\pdfbox\2.0.26\pdfbox-2.0.26.jar;C:\Users\2304030\.m2\repository\org\apache\pdfbox\fontbox\2.0.26\fontbox-2.0.26.jar;C:\Users\2304030\.m2\repository\org\knowm\xchart\xchart\3.8.0\xchart-3.8.0.jar;C:\Users\2304030\.m2\repository\de\erichseifert\vectorgraphics2d\VectorGraphics2D\0.13\VectorGraphics2D-0.13.jar;C:\Users\2304030\.m2\repository\de\rototor\pdfbox\graphics2d\0.30\graphics2d-0.30.jar;C:\Users\2304030\.m2\repository\com\madgag\animated-gif-lib\1.4\animated-gif-lib-1.4.jar;C:\Users\2304030\.m2\repository\org\yaml\snakeyaml\2.0\snakeyaml-2.0.jar;C:\Users\2304030\.m2\repository\tech\grasshopper\table-layout\1.5.1\table-layout-1.5.1.jar;C:\Users\2304030\.m2\repository\tech\grasshopper\rest-assured-cucumber-pdf-report\1.5.0\rest-assured-cucumber-pdf-report-1.5.0.jar;C:\Users\2304030\.m2\repository\org\jsoup\jsoup\1.15.3\jsoup-1.15.3.jar;C:\Users\2304030\.m2\repository\com\aventstack\klov-reporter\5.1.0\klov-reporter-5.1.0.jar;C:\Users\2304030\.m2\repository\org\mongodb\mongodb-driver\3.6.4\mongodb-driver-3.6.4.jar;C:\Users\2304030\.m2\repository\org\mongodb\mongodb-driver-core\3.6.4\mongodb-driver-core-3.6.4.jar;C:\Users\2304030\.m2\repository\org\mongodb\bson\3.6.4\bson-3.6.4.jar;C:\Users\2304030\.m2\repository\org\apache\httpcomponents\httpclient\4.5.13\httpclient-4.5.13.jar;C:\Users\2304030\.m2\repository\org\apache\httpcomponents\httpcore\4.4.13\httpcore-4.4.13.jar;C:\Users\2304030\.m2\repository\commons-logging\commons-logging\1.2\commons-logging-1.2.jar;C:\Users\2304030\.m2\repository\org\apache\httpcomponents\httpmime\4.5.13\httpmime-4.5.13.jar;C:\Users\2304030\.m2\repository\tech\grasshopper\htmlextentreporter\1.1.0\htmlextentreporter-1.1.0.jar;C:\Users\2304030\.m2\repository\tech\grasshopper\extent-excel-report\1.4.0\extent-excel-report-1.4.0.jar
Launcher Type: SUN_STANDARD

[Global flags]
     intx CICompilerCount                          = 4                                         {product} {ergonomic}
     uint ConcGCThreads                            = 2                                         {product} {ergonomic}
     uint G1ConcRefinementThreads                  = 8                                         {product} {ergonomic}
   size_t G1HeapRegionSize                         = 1048576                                   {product} {ergonomic}
    uintx GCDrainStackTargetSize                   = 64                                        {product} {ergonomic}
   size_t InitialHeapSize                          = 100663296                                 {product} {ergonomic}
   size_t MarkStackSize                            = 4194304                                   {product} {ergonomic}
   size_t MaxHeapSize                              = 1593835520                                {product} {ergonomic}
   size_t MaxNewSize                               = 956301312                                 {product} {ergonomic}
   size_t MinHeapDeltaBytes                        = 1048576                                   {product} {ergonomic}
   size_t MinHeapSize                              = 8388608                                   {product} {ergonomic}
    uintx NonNMethodCodeHeapSize                   = 5839372                                {pd product} {ergonomic}
    uintx NonProfiledCodeHeapSize                  = 122909434                              {pd product} {ergonomic}
    uintx ProfiledCodeHeapSize                     = 122909434                              {pd product} {ergonomic}
    uintx ReservedCodeCacheSize                    = 251658240                              {pd product} {ergonomic}
     bool SegmentedCodeCache                       = true                                      {product} {ergonomic}
     bool ShowCodeDetailsInExceptionMessages       = true                                   {manageable} {command line}
   size_t SoftMaxHeapSize                          = 1593835520                             {manageable} {ergonomic}
     bool UseCompressedOops                        = true                           {product lp64_product} {ergonomic}
     bool UseG1GC                                  = true                                      {product} {ergonomic}
     bool UseLargePagesIndividualAllocation        = false                                  {pd product} {ergonomic}

Logging:
Log output configuration:
 #0: stdout all=warning uptime,level,tags foldmultilines=false
 #1: stderr all=off uptime,level,tags foldmultilines=false

Environment Variables:
PATH=C:/Users/2304030/.p2/pool/plugins/org.eclipse.justj.openjdk.hotspot.jre.full.win32.x86_64_21.0.1.v20231028-0937/jre/bin/server;C:/Users/2304030/.p2/pool/plugins/org.eclipse.justj.openjdk.hotspot.jre.full.win32.x86_64_21.0.1.v20231028-0937/jre/bin;C:\Program Files\Zulu\zulu-17\bin\;C:\Program Files (x86)\Common Files\Oracle\Java\javapath;C:\Windows\system32;C:\Windows;C:\Windows\System32\Wbem;C:\Windows\System32\WindowsPowerShell\v1.0\;C:\Windows\System32\OpenSSH\;C:\Program Files\Java\jre1.8.0_361\bin;C:\Program Files\Git\cmd;C:\Users\2304030\Downloads\apache-maven-3.9.6-bin\apache-maven-3.9.6\bin;C:\Users\2304030\AppData\Local\Microsoft\WindowsApps;;C:\Users\2304030\OneDrive - Cognizant\Desktop;
USERNAME=2304030
OS=Windows_NT
PROCESSOR_IDENTIFIER=AMD64 Family 23 Model 24 Stepping 1, AuthenticAMD
TMP=C:\Users\2304030\AppData\Local\Temp\1
TEMP=C:\Users\2304030\AppData\Local\Temp\1




Periodic native trim disabled

---------------  S Y S T E M  ---------------

OS:
 Windows 11 , 64 bit Build 22000 (10.0.22000.2600)
OS uptime: 4 days 21:43 hours
Hyper-V role detected

CPU: total 8 (initial active 8) (8 cores per cpu, 2 threads per core) family 23 model 24 stepping 1 microcode 0x0, cx8, cmov, fxsr, ht, mmx, 3dnowpref, sse, sse2, sse3, ssse3, sse4a, sse4.1, sse4.2, popcnt, lzcnt, tsc, tscinvbit, avx, avx2, aes, clmul, bmi1, bmi2, adx, sha, fma, vzeroupper, clflush, clflushopt, hv, rdtscp, f16c
Processor Information for all 8 processors :
  Max Mhz: 2100, Current Mhz: 2100, Mhz Limit: 2100

Memory: 4k page, system-wide physical 6077M (186M free)
TotalPageFile size 22461M (AvailPageFile size 11M)
current process WorkingSet (physical memory assigned to process): 107M, peak: 139M
current process commit charge ("private bytes"): 181M, peak: 211M

vm_info: OpenJDK 64-Bit Server VM (21.0.1+12-LTS) for windows-amd64 JRE (21.0.1+12-LTS), built on 2023-10-17T00:00:00Z by "admin" with unknown MS VC++:1937

END.
